


PBLauncher Start - 2019-4-25 4-41-37
Can't open Message File.
Can't open UI file.
## PBLauncher Ver 20181231
Can't open Launcher file.
[stringtable] Invalid index failed..
[UPDATER_STATE_UNKNOWN] -> [UPDATER_STATE_START] try state change
[UPDATER_STATE_START] -> [UPDATER_STATE_PRE_CONNECT] try state change
[UPDATER_STATE_PRE_CONNECT] -> [UPDATER_STATE_PRE_UPDATER_VERSION_ACK] try state change
launcher set is not latest version(20181231,0)
[UPDATER_STATE_PRE_UPDATER_VERSION_ACK] -> [UPDATER_STATE_PRE_UPDATER_UPDATE] try state change
Reload launcher version set file
[UPDATER_STATE_PRE_UPDATER_UPDATE] -> [UPDATER_STATE_PRE_UPDATER_VERSION_ACK] try state change
config is not latest version (20181122, )
Messages is not latest version
UI is not latest version
[UPDATER_STATE_PRE_UPDATER_VERSION_ACK] -> [UPDATER_STATE_PRE_UPDATER_UPDATE] try state change
Reload config file
Reload launcher set
Reload UI file
[UPDATER_STATE_PRE_UPDATER_UPDATE] -> [UPDATER_STATE_PRE_UPDATER_VERSION_ACK] try state change
failed user file list open
success : UPDATER_STATE_PRE_UPDATER_VERSION_ACK
[UPDATER_STATE_PRE_UPDATER_VERSION_ACK] -> [UPDATER_STATE_SET_LANGUAGE_TYPE ] try state change
failed user file list open
[UPDATER_STATE_SET_LANGUAGE_TYPE ] -> [UPDATER_STATE_PATCH_UPDATER_VERSION_ACK] try state change
[UPDATER_STATE_PATCH_UPDATER_VERSION_ACK] -> [UPDATER_STATE_PATCH_DOWNLOAD_FILELIST] try state change
[UPDATER_STATE_PATCH_DOWNLOAD_FILELIST] -> [UPDATER_STATE_PATCH_FILE_DOWNLOAD] try state change
[UPDATER_STATE_PATCH_FILE_DOWNLOAD] -> [UPDATER_STATE_PATCH_FILEUNZIP] try state change
Patch file change - begin
My Pc OS :v6.1
Exe :C:\Zepetto,SC stop PCCafeHostService
My Pc OS :v6.1
Exe :C:\Zepetto,SC delete PCCafeHostService
success : UPDATER_STATE_PATCH_FILEUNZIP
[UPDATER_STATE_PATCH_FILEUNZIP] -> [UPDATER_STATE_PATCH_END] try state change
Patch file change - end
success : UPDATER_STATE_PATCH_END
[UPDATER_STATE_PATCH_END] -> [UPDATER_STATE_FILE_CHECK_FOR_GAMESTART] try state change
My Pc OS :v6.1
My Pc OS :v6.1
Exe :C:\Zepetto,PCCafeHostUI.exe
success : UPDATER_STATE_FILE_CHECK_FOR_GAMESTART
[UPDATER_STATE_FILE_CHECK_FOR_GAMESTART] -> [UPDATER_STATE_PATCH_FILELIST_CHANGE] try state change
PBLauncher End - 2019-4-25 4-41-40
## PBLauncher Ver 20181231
[UPDATER_STATE_UNKNOWN] -> [UPDATER_STATE_START] try state change
[UPDATER_STATE_START] -> [UPDATER_STATE_PRE_CONNECT] try state change
[UPDATER_STATE_PRE_CONNECT] -> [UPDATER_STATE_PRE_UPDATER_VERSION_ACK] try state change
success : UPDATER_STATE_PRE_UPDATER_VERSION_ACK
[UPDATER_STATE_PRE_UPDATER_VERSION_ACK] -> [UPDATER_STATE_PATCH_END] try state change
success : UPDATER_STATE_PATCH_END
[UPDATER_STATE_PATCH_END] -> [UPDATER_STATE_FILE_CHECK_FOR_GAMESTART] try state change
My Pc OS :v6.1
My Pc OS :v6.1
Exe :C:\Zepetto,PCCafeHostUI.exe
success : UPDATER_STATE_FILE_CHECK_FOR_GAMESTART
[UPDATER_STATE_FILE_CHECK_FOR_GAMESTART] -> [UPDATER_STATE_PATCH_FILELIST_CHANGE] try state change
PBLauncher End - 2019-4-25 5-55-21
## PBLauncher Ver 20181231
[UPDATER_STATE_UNKNOWN] -> [UPDATER_STATE_START] try state change
[UPDATER_STATE_START] -> [UPDATER_STATE_PRE_CONNECT] try state change
[UPDATER_STATE_PRE_CONNECT] -> [UPDATER_STATE_PRE_UPDATER_VERSION_ACK] try state change
success : UPDATER_STATE_PRE_UPDATER_VERSION_ACK
[UPDATER_STATE_PRE_UPDATER_VERSION_ACK] -> [UPDATER_STATE_PATCH_END] try state change
success : UPDATER_STATE_PATCH_END
[UPDATER_STATE_PATCH_END] -> [UPDATER_STATE_FILE_CHECK_FOR_GAMESTART] try state change
My Pc OS :v6.1
My Pc OS :v6.1
Exe :C:\Zepetto,PCCafeHostUI.exe
success : UPDATER_STATE_FILE_CHECK_FOR_GAMESTART
[UPDATER_STATE_FILE_CHECK_FOR_GAMESTART] -> [UPDATER_STATE_PATCH_FILELIST_CHANGE] try state change
PBLauncher End - 2019-4-26 22-0-40
